<?xml version='1.0' encoding='UTF-8'?>
<!DOCTYPE coverage SYSTEM 'http://cobertura.sourceforge.net/xml/coverage-04.dtd'>
<coverage line-rate="0.9504552191403769" branch-rate="0.7903650733910426" lines-covered="4489" lines-valid="4723" branches-covered="2100" branches-valid="2657" complexity="0.0" timestamp="1784183961" version="gcovr 7.0"><sources><source>.</source></sources><packages><package name="src" line-rate="0.9368520263901979" branch-rate="0.8507362784471219" complexity="0.0"><classes><class name="caxcpy_f90" filename="src/caxcpy.f90" line-rate="0.8461538461538461" branch-rate="0.5" complexity="0.0"><methods/><lines><line number="95" hits="3" branch="false"/><line number="102" hits="3" branch="true" condition-coverage="50% (1/2)"><conditions><condition number="0" type="jump" coverage="50%"/></conditions></line><line number="103" hits="3" branch="true" condition-coverage="50% (1/2)"><conditions><condition number="0" type="jump" coverage="50%"/></conditions></line><line number="105" hits="3" branch="false"/><line number="106" hits="3" branch="false"/><line number="107" hits="3" branch="true" condition-coverage="50% (1/2)"><conditions><condition number="0" type="jump" coverage="50%"/></conditions></line><line number="108" hits="3" branch="true" condition-coverage="50% (1/2)"><conditions><condition number="0" type="jump" coverage="50%"/></conditions></line><line number="109" hits="143" branch="true" condition-coverage="100% (2/2)"><conditions><condition number="0" type="jump" coverage="100%"/></conditions></line><line number="110" hits="140" branch="false"/><line number="111" hits="140" branch="false"/><line number="112" hits="143" branch="false"/><line number="116" hits="0" branch="true" condition-coverage="0% (0/2)"><conditions><condition number="0" type="jump" coverage="0%"/></conditions></line><line number="117" hits="0" branch="false"/></lines></class><class name="cch1dn_f90" filename="src/cch1dn.f90" line-rate="0.875" branch-rate="0.85" complexity="0.0"><methods/><lines><line number="97" hits="3" branch="false"/><line number="110" hits="3" branch="true" condition-coverage="50% (1/2)"><conditions><condition number="0" type="jump" coverage="50%"/></conditions></line><line number="112" hits="3" branch="false"/><line number="113" hits="3" branch="true" condition-coverage="100% (2/2)"><conditions><condition number="0" type="jump" coverage="100%"/></conditions></line><line number="114" hits="1" branch="false"/><line number="115" hits="2" branch="true" condition-coverage="100% (2/2)"><conditions><condition number="0" type="jump" coverage="100%"/></conditions></line><line number="116" hits="1" branch="false"/><line number="118" hits="3" branch="true" condition-coverage="100% (2/2)"><conditions><condition number="0" type="jump" coverage="100%"/></conditions></line><line number="119" hits="2" branch="false"/><line number="120" hits="2" branch="false"/><line number="123" hits="51" branch="true" condition-coverage="100% (2/2)"><conditions><condition number="0" type="jump" coverage="100%"/></conditions></line><line number="124" hits="51" branch="true" condition-coverage="50% (1/2)"><conditions><condition number="0" type="jump" coverage="50%"/></conditions></line><line number="127" hits="1" branch="false"/><line number="128" hits="1" branch="false"/><line number="130" hits="1" branch="false"/><line number="131" hits="1" branch="true" condition-coverage="50% (1/2)"><conditions><condition number="0" type="jump" coverage="50%"/></conditions></line><line number="132" hits="1" branch="false"/><line number="134" hits="51" branch="true" condition-coverage="100% (2/2)"><conditions><condition number="0" type="jump" coverage="100%"/></conditions></line><line number="135" hits="50" branch="false"/><line number="137" hits="50" branch="false"/><line number="138" hits="51" branch="false"/><line number="141" hits="51" branch="true" condition-coverage="100% (2/2)"><conditions><condition number="0" type="jump" coverage="100%"/></conditions></line><line number="142" hits="50" branch="false"/><line number="143" hits="1326" branch="true" condition-coverage="100% (2/2)"><conditions><condition number="0" type="jump" coverage="100%"/></conditions></line><line number="144" hits="1275" branch="false"/><line number="145" hits="1275" branch="false"/><line number="146" hits="1325" branch="false"/><line number="150" hits="1" branch="false"/><line number="152" hits="0" branch="false"/><line number="153" hits="0" branch="false"/><line number="154" hits="0" branch="false"/><line number="155" hits="0" branch="false"/></lines></class><class name="cch1up_f90" filename="src/cch1up.f90" line-rate="1.0" branch-rate="1.0" complexity="0.0"><methods/><lines><line number="89" hits="3" branch="false"/><line number="99" hits="143" branch="true" condition-coverage="100% (2/2)"><conditions><condition number="0" type="jump" coverage="100%"/></conditions></line><line number="101" hits="140" branch="false"/><line number="102" hits="3370" branch="true" condition-coverage="100% (2/2)"><conditions><condition number="0" type="jump" coverage="100%"/></conditions></line><line number="103" hits="3230" branch="false"/><line number="104" hits="3230" branch="false"/><line number="105" hits="3370" branch="false"/><line number="108" hits="140" branch="false"/><line number="109" hits="143" branch="false"/><line number="111" hits="3" branch="false"/></lines></class><class name="cchdex_f90" filename="src/cchdex.f90" line-rate="1.0" branch-rate="0.8333333333333334" complexity="0.0"><methods/><lines><line number="81" hits="4" branch="false"/><line number="90" hits="6" branch="true" condition-coverage="50% (1/2)"><conditions><condition number="0" type="jump" coverage="50%"/></conditions></line><line number="92" hits="4" branch="false"/><line number="93" hits="4" branch="true" condition-coverage="100% (2/2)"><conditions><condition number="0" type="jump" coverage="100%"/></conditions></line><line number="94" hits="1" branch="false"/><line number="95" hits="3" branch="true" condition-coverage="100% (2/2)"><conditions><condition number="0" type="jump" coverage="100%"/></conditions></line><line number="96" hits="1" branch="false"/><line number="98" hits="4" branch="true" condition-coverage="100% (2/2)"><conditions><condition number="0" type="jump" coverage="100%"/></conditions></line><line number="99" hits="2" branch="false"/><line number="100" hits="2" branch="false"/><line number="103" hits="62" branch="true" condition-coverage="100% (2/2)"><conditions><condition number="0" type="jump" coverage="100%"/></conditions></line><line number="104" hits="62" branch="false"/><line number="107" hits="2" branch="true" condition-coverage="50% (1/2)"><conditions><condition number="0" type="jump" coverage="50%"/></conditions></line><line number="108" hits="2" branch="false"/></lines></class><class name="cchinx_f90" filename="src/cchinx.f90" line-rate="0.8333333333333334" branch-rate="0.8181818181818182" complexity="0.0"><methods/><lines><line number="103" hits="3" branch="false"/><line number="116" hits="3" branch="false"/><line number="117" hits="3" branch="true" condition-coverage="100% (2/2)"><conditions><condition number="0" type="jump" coverage="100%"/></conditions></line><line number="118" hits="1" branch="false"/><line number="119" hits="2" branch="true" condition-coverage="100% (2/2)"><conditions><condition number="0" type="jump" coverage="100%"/></conditions></line><line number="120" hits="1" branch="false"/><line number="122" hits="3" branch="true" condition-coverage="100% (2/2)"><conditions><condition number="0" type="jump" coverage="100%"/></conditions></line><line number="123" hits="2" branch="false"/><line number="124" hits="2" branch="false"/><line number="127" hits="1" branch="false"/><line number="128" hits="26" branch="true" condition-coverage="100% (2/2)"><conditions><condition number="0" type="jump" coverage="100%"/></conditions></line><line number="129" hits="26" branch="false"/><line number="132" hits="1" branch="true" condition-coverage="50% (1/2)"><conditions><condition number="0" type="jump" coverage="50%"/></conditions></line><line number="134" hits="50" branch="true" condition-coverage="100% (2/2)"><conditions><condition number="0" type="jump" coverage="100%"/></conditions></line><line number="135" hits="50" branch="true" condition-coverage="50% (1/2)"><conditions><condition number="0" type="jump" coverage="50%"/></conditions></line><line number="138" hits="1" branch="false"/><line number="139" hits="1" branch="false"/><line number="141" hits="1" branch="false"/><line number="142" hits="1" branch="true" condition-coverage="50% (1/2)"><conditions><condition number="0" type="jump" coverage="50%"/></conditions></line><line number="144" hits="26" branch="true" condition-coverage="100% (2/2)"><conditions><condition number="0" type="jump" coverage="100%"/></conditions></line><line number="145" hits="25" branch="false"/><line number="146" hits="26" branch="false"/><line number="148" hits="1" branch="false"/><line number="149" hits="1" branch="false"/><line number="151" hits="1" branch="true" condition-coverage="50% (1/2)"><conditions><condition number="0" type="jump" coverage="50%"/></conditions></line><line number="153" hits="1" branch="false"/><line number="155" hits="1" branch="false"/><line number="157" hits="26" branch="true" condition-coverage="100% (2/2)"><conditions><condition number="0" type="jump" coverage="100%"/></conditions></line><line number="158" hits="26" branch="false"/><line number="162" hits="1" branch="false"/><line number="164" hits="0" branch="false"/><line number="165" hits="0" branch="false"/><line number="166" hits="0" branch="false"/><line number="167" hits="0" branch="false"/><line number="168" hits="0" branch="false"/><line number="169" hits="0" branch="false"/></lines></class><class name="cchshx_f90" filename="src/cchshx.f90" line-rate="1.0" branch-rate="0.9" complexity="0.0"><methods/><lines><line number="99" hits="5" branch="false"/><line number="109" hits="8" branch="true" condition-coverage="50% (1/2)"><conditions><condition number="0" type="jump" coverage="50%"/></conditions></line><line number="110" hits="5" branch="false"/><line number="112" hits="5" branch="true" condition-coverage="100% (2/2)"><conditions><condition number="0" type="jump" coverage="100%"/></conditions></line><line number="113" hits="1" branch="false"/><line number="114" hits="4" branch="true" condition-coverage="100% (2/2)"><conditions><condition number="0" type="jump" coverage="100%"/></conditions></line><line number="115" hits="1" branch="false"/><line number="116" hits="3" branch="true" condition-coverage="100% (2/2)"><conditions><condition number="0" type="jump" coverage="100%"/></conditions></line><line number="117" hits="1" branch="false"/><line number="119" hits="5" branch="true" condition-coverage="100% (2/2)"><conditions><condition number="0" type="jump" coverage="100%"/></conditions></line><line number="120" hits="3" branch="false"/><line number="121" hits="3" branch="false"/><line number="123" hits="2" branch="true" condition-coverage="100% (2/2)"><conditions><condition number="0" type="jump" coverage="100%"/></conditions></line><line number="125" hits="1" branch="false"/><line number="126" hits="21" branch="true" condition-coverage="100% (2/2)"><conditions><condition number="0" type="jump" coverage="100%"/></conditions></line><line number="127" hits="21" branch="false"/><line number="129" hits="1" branch="false"/><line number="131" hits="1" branch="false"/><line number="132" hits="1" branch="true" condition-coverage="50% (1/2)"><conditions><condition number="0" type="jump" coverage="50%"/></conditions></line><line number="134" hits="1" branch="false"/><line number="135" hits="21" branch="true" condition-coverage="100% (2/2)"><conditions><condition number="0" type="jump" coverage="100%"/></conditions></line><line number="136" hits="21" branch="false"/><line number="138" hits="1" branch="false"/><line number="140" hits="1" branch="false"/><line number="142" hits="1" branch="false"/><line number="144" hits="31" branch="true" condition-coverage="100% (2/2)"><conditions><condition number="0" type="jump" coverage="100%"/></conditions></line><line number="145" hits="31" branch="false"/></lines></class><class name="cdotc_f90" filename="src/cdotc.f90" line-rate="0.5294117647058824" branch-rate="0.3333333333333333" complexity="0.0"><methods/><lines><line number="86" hits="1092" branch="false"/><line number="102" hits="1092" branch="false"/><line number="103" hits="1092" branch="false"/><line number="104" hits="1092" branch="true" condition-coverage="50% (1/2)"><conditions><condition number="0" type="jump" coverage="50%"/></conditions></line><line number="105" hits="1092" branch="true" condition-coverage="50% (1/2)"><conditions><condition number="0" type="jump" coverage="50%"/></conditions></line><line number="109" hits="71212" branch="true" condition-coverage="100% (2/2)"><conditions><condition number="0" type="jump" coverage="100%"/></conditions></line><line number="110" hits="71212" branch="false"/><line number="117" hits="0" branch="false"/><line number="118" hits="0" branch="false"/><line number="119" hits="0" branch="true" condition-coverage="0% (0/2)"><conditions><condition number="0" type="jump" coverage="0%"/></conditions></line><line number="120" hits="0" branch="true" condition-coverage="0% (0/2)"><conditions><condition number="0" type="jump" coverage="0%"/></conditions></line><line number="121" hits="0" branch="true" condition-coverage="0% (0/2)"><conditions><condition number="0" type="jump" coverage="0%"/></conditions></line><line number="122" hits="0" branch="false"/><line number="123" hits="0" branch="false"/><line number="124" hits="0" branch="false"/><line number="127" hits="1092" branch="false"/><line number="128" hits="1092" branch="false"/></lines></class><class name="cdotu_f90" filename="src/cdotu.f90" line-rate="0.0" branch-rate="0.0" complexity="0.0"><methods/><lines><line number="87" hits="0" branch="false"/><line number="103" hits="0" branch="false"/><line number="104" hits="0" branch="false"/><line number="105" hits="0" branch="true" condition-coverage="0% (0/2)"><conditions><condition number="0" type="jump" coverage="0%"/></conditions></line><line number="106" hits="0" branch="true" condition-coverage="0% (0/2)"><conditions><condition number="0" type="jump" coverage="0%"/></conditions></line><line number="110" hits="0" branch="true" condition-coverage="0% (0/2)"><conditions><condition number="0" type="jump" coverage="0%"/></conditions></line><line number="111" hits="0" branch="false"/><line number="118" hits="0" branch="false"/><line number="119" hits="0" branch="false"/><line number="120" hits="0" branch="true" condition-coverage="0% (0/2)"><conditions><condition number="0" type="jump" coverage="0%"/></conditions></line><line number="121" hits="0" branch="true" condition-coverage="0% (0/2)"><conditions><condition number="0" type="jump" coverage="0%"/></conditions></line><line number="122" hits="0" branch="true" condition-coverage="0% (0/2)"><conditions><condition number="0" type="jump" coverage="0%"/></conditions></line><line number="123" hits="0" branch="false"/><line number="124" hits="0" branch="false"/><line number="125" hits="0" branch="false"/><line number="128" hits="0" branch="false"/><line number="129" hits="0" branch="false"/></lines></class><class name="cgqvec_f90" filename="src/cgqvec.f90" line-rate="0.90625" branch-rate="0.8333333333333334" complexity="0.0"><methods/><lines><line number="82" hits="27" branch="false"/><line number="94" hits="34" branch="true" condition-coverage="50% (1/2)"><conditions><condition number="0" type="jump" coverage="50%"/></conditions></line><line number="95" hits="27" branch="true" condition-coverage="100% (2/2)"><conditions><condition number="0" type="jump" coverage="100%"/></conditions></line><line number="96" hits="4" branch="false"/><line number="97" hits="40" branch="true" condition-coverage="100% (2/2)"><conditions><condition number="0" type="jump" coverage="100%"/></conditions></line><line number="98" hits="40" branch="false"/><line number="100" hits="4" branch="false"/><line number="103" hits="23" branch="false"/><line number="104" hits="23" branch="true" condition-coverage="100% (2/2)"><conditions><condition number="0" type="jump" coverage="100%"/></conditions></line><line number="105" hits="1" branch="false"/><line number="106" hits="22" branch="true" condition-coverage="100% (2/2)"><conditions><condition number="0" type="jump" coverage="100%"/></conditions></line><line number="107" hits="1" branch="false"/><line number="108" hits="21" branch="true" condition-coverage="100% (2/2)"><conditions><condition number="0" type="jump" coverage="100%"/></conditions></line><line number="109" hits="1" branch="false"/><line number="111" hits="23" branch="true" condition-coverage="100% (2/2)"><conditions><condition number="0" type="jump" coverage="100%"/></conditions></line><line number="112" hits="3" branch="false"/><line number="113" hits="3" branch="false"/><line number="115" hits="20" branch="false"/><line number="116" hits="20" branch="false"/><line number="117" hits="40" branch="true" condition-coverage="100% (2/2)"><conditions><condition number="0" type="jump" coverage="100%"/></conditions></line><line number="119" hits="580" branch="true" condition-coverage="100% (2/2)"><conditions><condition number="0" type="jump" coverage="100%"/></conditions></line><line number="120" hits="580" branch="false"/><line number="122" hits="20" branch="false"/><line number="124" hits="296" branch="true" condition-coverage="100% (2/2)"><conditions><condition number="0" type="jump" coverage="100%"/></conditions></line><line number="125" hits="276" branch="false"/><line number="126" hits="296" branch="false"/><line number="128" hits="20" branch="false"/><line number="129" hits="20" branch="true" condition-coverage="50% (1/2)"><conditions><condition number="0" type="jump" coverage="50%"/></conditions></line><line number="130" hits="0" branch="false"/><line number="131" hits="0" branch="true" condition-coverage="0% (0/2)"><conditions><condition number="0" type="jump" coverage="0%"/></conditions></line><line number="133" hits="0" branch="false"/><line number="137" hits="20" branch="false"/></lines></class><class name="clu1up_f90" filename="src/clu1up.f90" line-rate="1.0" branch-rate="0.9545454545454546" complexity="0.0"><methods/><lines><line number="107" hits="6" branch="false"/><line number="118" hits="6" branch="false"/><line number="119" hits="10" branch="true" condition-coverage="50% (1/2)"><conditions><condition number="0" type="jump" coverage="50%"/></conditions></line><line number="121" hits="6" branch="false"/><line number="122" hits="6" branch="true" condition-coverage="100% (2/2)"><conditions><condition number="0" type="jump" coverage="100%"/></conditions></line><line number="123" hits="1" branch="false"/><line number="124" hits="5" branch="true" condition-coverage="100% (2/2)"><conditions><condition number="0" type="jump" coverage="100%"/></conditions></line><line number="125" hits="1" branch="false"/><line number="126" hits="4" branch="true" condition-coverage="100% (2/2)"><conditions><condition number="0" type="jump" coverage="100%"/></conditions></line><line number="127" hits="1" branch="false"/><line number="128" hits="3" branch="true" condition-coverage="100% (2/2)"><conditions><condition number="0" type="jump" coverage="100%"/></conditions></line><line number="129" hits="1" branch="false"/><line number="131" hits="6" branch="true" condition-coverage="100% (2/2)"><conditions><condition number="0" type="jump" coverage="100%"/></conditions></line><line number="132" hits="4" branch="false"/><line number="133" hits="4" branch="false"/><line number="137" hits="82" branch="true" condition-coverage="100% (2/2)"><conditions><condition number="0" type="jump" coverage="100%"/></conditions></line><line number="139" hits="80" branch="false"/><line number="140" hits="80" branch="false"/><line number="142" hits="1640" branch="true" condition-coverage="100% (2/2)"><conditions><condition number="0" type="jump" coverage="100%"/></conditions></line><line number="143" hits="1560" branch="false"/><line number="144" hits="1640" branch="false"/><line number="147" hits="80" branch="false"/><line number="148" hits="80" branch="false"/><line number="150" hits="2440" branch="true" condition-coverage="100% (2/2)"><conditions><condition number="0" type="jump" coverage="100%"/></conditions></line><line number="151" hits="2360" branch="false"/><line number="152" hits="2440" branch="false"/><line number="154" hits="80" branch="false"/><line number="155" hits="82" branch="false"/><line number="158" hits="22" branch="true" condition-coverage="100% (2/2)"><conditions><condition number="0" type="jump" coverage="100%"/></conditions></line><line number="159" hits="20" branch="false"/><line number="160" hits="820" branch="true" condition-coverage="100% (2/2)"><conditions><condition number="0" type="jump" coverage="100%"/></conditions></line><line number="161" hits="800" branch="false"/><line number="162" hits="820" branch="false"/><line number="164" hits="22" branch="false"/></lines></class><class name="clup1up_f90" filename="src/clup1up.f90" line-rate="0.847457627118644" branch-rate="0.9230769230769231" complexity="0.0"><methods/><lines><line number="116" hits="6" branch="false"/><line number="132" hits="6" branch="false"/><line number="133" hits="10" branch="true" condition-coverage="50% (1/2)"><conditions><condition number="0" type="jump" coverage="50%"/></conditions></line><line number="135" hits="6" branch="false"/><line number="136" hits="6" branch="true" condition-coverage="100% (2/2)"><conditions><condition number="0" type="jump" coverage="100%"/></conditions></line><line number="137" hits="1" branch="false"/><line number="138" hits="5" branch="true" condition-coverage="100% (2/2)"><conditions><condition number="0" type="jump" coverage="100%"/></conditions></line><line number="139" hits="1" branch="false"/><line number="140" hits="4" branch="true" condition-coverage="100% (2/2)"><conditions><condition number="0" type="jump" coverage="100%"/></conditions></line><line number="141" hits="1" branch="false"/><line number="142" hits="3" branch="true" condition-coverage="100% (2/2)"><conditions><condition number="0" type="jump" coverage="100%"/></conditions></line><line number="143" hits="1" branch="false"/><line number="145" hits="6" branch="true" condition-coverage="100% (2/2)"><conditions><condition number="0" type="jump" coverage="100%"/></conditions></line><line number="146" hits="4" branch="false"/><line number="147" hits="4" branch="false"/><line number="150" hits="102" branch="true" condition-coverage="100% (2/2)"><conditions><condition number="0" type="jump" coverage="100%"/></conditions></line><line number="151" hits="102" branch="false"/><line number="153" hits="2" branch="false"/><line number="155" hits="2" branch="true" condition-coverage="100% (2/2)"><conditions><condition number="0" type="jump" coverage="100%"/></conditions></line><line number="156" hits="1" branch="false"/><line number="159" hits="80" branch="true" condition-coverage="100% (2/2)"><conditions><condition number="0" type="jump" coverage="100%"/></conditions></line><line number="160" hits="78" branch="true" condition-coverage="100% (2/2)"><conditions><condition number="0" type="jump" coverage="100%"/></conditions></line><line number="162" hits="1" branch="false"/><line number="163" hits="1" branch="false"/><line number="164" hits="1" branch="false"/><line number="166" hits="1" branch="false"/><line number="167" hits="1" branch="false"/><line number="168" hits="1" branch="false"/><line number="170" hits="1" branch="false"/><line number="171" hits="1" branch="false"/><line number="173" hits="1" branch="false"/><line number="175" hits="1" branch="false"/><line number="176" hits="1" branch="false"/><line number="178" hits="1" branch="false"/><line number="180" hits="1" branch="false"/><line number="183" hits="78" branch="false"/><line number="184" hits="78" branch="false"/><line number="186" hits="78" branch="false"/><line number="188" hits="80" branch="false"/><line number="191" hits="2" branch="false"/><line number="193" hits="80" branch="true" condition-coverage="100% (2/2)"><conditions><condition number="0" type="jump" coverage="100%"/></conditions></line><line number="194" hits="78" branch="true" condition-coverage="50% (1/2)"><conditions><condition number="0" type="jump" coverage="50%"/></conditions></line><line number="197" hits="0" branch="false"/><line number="198" hits="0" branch="false"/><line number="199" hits="0" branch="false"/><line number="201" hits="0" branch="false"/><line number="202" hits="0" branch="false"/><line number="204" hits="0" branch="false"/><line number="206" hits="0" branch="false"/><line number="207" hits="0" branch="false"/><line number="209" hits="0" branch="false"/><line number="212" hits="78" branch="false"/><line number="214" hits="78" branch="false"/><line number="215" hits="78" branch="false"/><line number="217" hits="80" branch="false"/><line number="220" hits="2" branch="true" condition-coverage="100% (2/2)"><conditions><condition number="0" type="jump" coverage="100%"/></conditions></line><line number="221" hits="1" branch="false"/><line number="222" hits="1" branch="false"/><line number="223" hits="1" branch="false"/></lines></class><class name="cqhqr_f90" filename="src/cqhqr.f90" line-rate="1.0" branch-rate="0.9375" complexity="0.0"><methods/><lines><line number="90" hits="13" branch="false"/><line number="101" hits="16" branch="true" condition-coverage="50% (1/2)"><conditions><condition number="0" type="jump" coverage="50%"/></conditions></line><line number="103" hits="13" branch="false"/><line number="104" hits="13" branch="true" condition-coverage="100% (2/2)"><conditions><condition number="0" type="jump" coverage="100%"/></conditions></line><line number="105" hits="1" branch="false"/><line number="106" hits="12" branch="true" condition-coverage="100% (2/2)"><conditions><condition number="0" type="jump" coverage="100%"/></conditions></line><line number="107" hits="1" branch="false"/><line number="108" hits="11" branch="true" condition-coverage="100% (2/2)"><conditions><condition number="0" type="jump" coverage="100%"/></conditions></line><line number="109" hits="1" branch="false"/><line number="111" hits="13" branch="true" condition-coverage="100% (2/2)"><conditions><condition number="0" type="jump" coverage="100%"/></conditions></line><line number="112" hits="3" branch="false"/><line number="113" hits="3" branch="false"/><line number="115" hits="368" branch="true" condition-coverage="100% (2/2)"><conditions><condition number="0" type="jump" coverage="100%"/></conditions></line><line number="117" hits="358" branch="false"/><line number="118" hits="358" branch="false"/><line number="119" hits="6784" branch="true" condition-coverage="100% (2/2)"><conditions><condition number="0" type="jump" coverage="100%"/></conditions></line><line number="120" hits="6426" branch="false"/><line number="121" hits="6784" branch="false"/><line number="123" hits="368" branch="true" condition-coverage="100% (2/2)"><conditions><condition number="0" type="jump" coverage="100%"/></conditions></line><line number="125" hits="324" branch="false"/><line number="126" hits="324" branch="false"/><line number="128" hits="34" branch="false"/></lines></class><class name="cqr1up_f90" filename="src/cqr1up.f90" line-rate="1.0" branch-rate="0.9230769230769231" complexity="0.0"><methods/><lines><line number="123" hits="8" branch="false"/><line number="140" hits="15" branch="true" condition-coverage="50% (1/2)"><conditions><condition number="0" type="jump" coverage="50%"/></conditions></line><line number="142" hits="8" branch="false"/><line number="143" hits="8" branch="true" condition-coverage="100% (2/2)"><conditions><condition number="0" type="jump" coverage="100%"/></conditions></line><line number="144" hits="1" branch="false"/><line number="145" hits="7" branch="true" condition-coverage="100% (2/2)"><conditions><condition number="0" type="jump" coverage="100%"/></conditions></line><line number="146" hits="1" branch="false"/><line number="147" hits="6" branch="true" condition-coverage="100% (2/2)"><conditions><condition number="0" type="jump" coverage="100%"/></conditions></line><line number="148" hits="1" branch="false"/><line number="149" hits="5" branch="true" condition-coverage="100% (2/2)"><conditions><condition number="0" type="jump" coverage="100%"/></conditions></line><line number="150" hits="1" branch="false"/><line number="151" hits="4" branch="true" condition-coverage="100% (2/2)"><conditions><condition number="0" type="jump" coverage="100%"/></conditions></line><line number="152" hits="1" branch="false"/><line number="154" hits="8" branch="true" condition-coverage="100% (2/2)"><conditions><condition number="0" type="jump" coverage="100%"/></conditions></line><line number="155" hits="5" branch="false"/><line number="156" hits="5" branch="false"/><line number="158" hits="3" branch="false"/><line number="159" hits="3" branch="false"/><line number="161" hits="3" branch="true" condition-coverage="100% (2/2)"><conditions><condition number="0" type="jump" coverage="100%"/></conditions></line><line number="163" hits="143" branch="true" condition-coverage="100% (2/2)"><conditions><condition number="0" type="jump" coverage="100%"/></conditions></line><line number="164" hits="140" branch="false"/><line number="165" hits="143" branch="true" condition-coverage="100% (2/2)"><conditions><condition number="0" type="jump" coverage="100%"/></conditions></line><line number="168" hits="3" branch="false"/><line number="170" hits="3" branch="false"/><line number="172" hits="3" branch="false"/><line number="174" hits="3" branch="false"/><line number="176" hits="3" branch="false"/><line number="178" hits="3" branch="false"/><line number="180" hits="3" branch="true" condition-coverage="100% (2/2)"><conditions><condition number="0" type="jump" coverage="100%"/></conditions></line><line number="182" hits="1" branch="false"/><line number="183" hits="1" branch="false"/><line number="184" hits="1" branch="true" condition-coverage="50% (1/2)"><conditions><condition number="0" type="jump" coverage="50%"/></conditions></line><line number="186" hits="1" branch="false"/><line number="187" hits="1" branch="false"/><line number="188" hits="1" branch="false"/><line number="189" hits="41" branch="true" condition-coverage="100% (2/2)"><conditions><condition number="0" type="jump" coverage="100%"/></conditions></line><line number="190" hits="41" branch="false"/></lines></class><class name="cqrdec_f90" filename="src/cqrdec.f90" line-rate="1.0" branch-rate="0.9" complexity="0.0"><methods/><lines><line number="108" hits="8" branch="false"/><line number="118" hits="14" branch="true" condition-coverage="50% (1/2)"><conditions><condition number="0" type="jump" coverage="50%"/></conditions></line><line number="120" hits="8" branch="false"/><line number="121" hits="8" branch="true" condition-coverage="100% (2/2)"><conditions><condition number="0" type="jump" coverage="100%"/></conditions></line><line number="122" hits="1" branch="false"/><line number="123" hits="7" branch="true" condition-coverage="100% (2/2)"><conditions><condition number="0" type="jump" coverage="100%"/></conditions></line><line number="124" hits="1" branch="false"/><line number="125" hits="6" branch="true" condition-coverage="100% (2/2)"><conditions><condition number="0" type="jump" coverage="100%"/></conditions></line><line number="126" hits="1" branch="false"/><line number="127" hits="5" branch="true" condition-coverage="100% (2/2)"><conditions><condition number="0" type="jump" coverage="100%"/></conditions></line><line number="128" hits="1" branch="false"/><line number="129" hits="4" branch="true" condition-coverage="100% (2/2)"><conditions><condition number="0" type="jump" coverage="100%"/></conditions></line><line number="130" hits="1" branch="false"/><line number="131" hits="3" branch="true" condition-coverage="100% (2/2)"><conditions><condition number="0" type="jump" coverage="100%"/></conditions></line><line number="132" hits="1" branch="false"/><line number="134" hits="8" branch="true" condition-coverage="100% (2/2)"><conditions><condition number="0" type="jump" coverage="100%"/></conditions></line><line number="135" hits="6" branch="false"/><line number="136" hits="6" branch="false"/><line number="139" hits="58" branch="true" condition-coverage="100% (2/2)"><conditions><condition number="0" type="jump" coverage="100%"/></conditions></line><line number="140" hits="58" branch="false"/><line number="143" hits="2" branch="true" condition-coverage="50% (1/2)"><conditions><condition number="0" type="jump" coverage="50%"/></conditions></line><line number="144" hits="2" branch="false"/><line number="146" hits="2" branch="false"/></lines></class><class name="cqrder_f90" filename="src/cqrder.f90" line-rate="1.0" branch-rate="0.85" complexity="0.0"><methods/><lines><line number="106" hits="3" branch="false"/><line number="117" hits="5" branch="true" condition-coverage="50% (1/2)"><conditions><condition number="0" type="jump" coverage="50%"/></conditions></line><line number="119" hits="3" branch="false"/><line number="120" hits="3" branch="true" condition-coverage="100% (2/2)"><conditions><condition number="0" type="jump" coverage="100%"/></conditions></line><line number="121" hits="1" branch="false"/><line number="122" hits="2" branch="true" condition-coverage="100% (2/2)"><conditions><condition number="0" type="jump" coverage="100%"/></conditions></line><line number="123" hits="1" branch="false"/><line number="125" hits="3" branch="true" condition-coverage="100% (2/2)"><conditions><condition number="0" type="jump" coverage="100%"/></conditions></line><line number="126" hits="2" branch="false"/><line number="127" hits="2" branch="false"/><line number="130" hits="61" branch="true" condition-coverage="100% (2/2)"><conditions><condition number="0" type="jump" coverage="100%"/></conditions></line><line number="131" hits="61" branch="false"/><line number="133" hits="1" branch="false"/><line number="135" hits="1" branch="false"/><line number="137" hits="60" branch="true" condition-coverage="100% (2/2)"><conditions><condition number="0" type="jump" coverage="100%"/></conditions></line><line number="138" hits="59" branch="true" condition-coverage="50% (1/2)"><conditions><condition number="0" type="jump" coverage="50%"/></conditions></line><line number="139" hits="60" branch="true" condition-coverage="50% (1/2)"><conditions><condition number="0" type="jump" coverage="50%"/></conditions></line><line number="142" hits="1" branch="false"/><line number="144" hits="41" branch="true" condition-coverage="100% (2/2)"><conditions><condition number="0" type="jump" coverage="100%"/></conditions></line><line number="145" hits="2401" branch="true" condition-coverage="100% (2/2)"><conditions><condition number="0" type="jump" coverage="100%"/></conditions></line><line number="146" hits="2400" branch="false"/></lines></class><class name="cqrinc_f90" filename="src/cqrinc.f90" line-rate="0.9767441860465116" branch-rate="0.8823529411764706" complexity="0.0"><methods/><lines><line number="115" hits="8" branch="false"/><line number="129" hits="14" branch="true" condition-coverage="50% (1/2)"><conditions><condition number="0" type="jump" coverage="50%"/></conditions></line><line number="131" hits="8" branch="false"/><line number="132" hits="8" branch="true" condition-coverage="100% (2/2)"><conditions><condition number="0" type="jump" coverage="100%"/></conditions></line><line number="133" hits="1" branch="false"/><line number="134" hits="7" branch="true" condition-coverage="100% (2/2)"><conditions><condition number="0" type="jump" coverage="100%"/></conditions></line><line number="135" hits="1" branch="false"/><line number="136" hits="6" branch="true" condition-coverage="100% (2/2)"><conditions><condition number="0" type="jump" coverage="100%"/></conditions></line><line number="137" hits="1" branch="false"/><line number="138" hits="5" branch="true" condition-coverage="100% (2/2)"><conditions><condition number="0" type="jump" coverage="100%"/></conditions></line><line number="139" hits="1" branch="false"/><line number="140" hits="4" branch="true" condition-coverage="100% (2/2)"><conditions><condition number="0" type="jump" coverage="100%"/></conditions></line><line number="141" hits="1" branch="false"/><line number="142" hits="3" branch="true" condition-coverage="100% (2/2)"><conditions><condition number="0" type="jump" coverage="100%"/></conditions></line><line number="143" hits="1" branch="false"/><line number="145" hits="8" branch="true" condition-coverage="100% (2/2)"><conditions><condition number="0" type="jump" coverage="100%"/></conditions></line><line number="146" hits="6" branch="false"/><line number="147" hits="6" branch="false"/><line number="149" hits="2" branch="false"/><line number="151" hits="28" branch="true" condition-coverage="100% (2/2)"><conditions><condition number="0" type="jump" coverage="100%"/></conditions></line><line number="152" hits="28" branch="false"/><line number="155" hits="2" branch="true" condition-coverage="100% (2/2)"><conditions><condition number="0" type="jump" coverage="100%"/></conditions></line><line number="156" hits="1" branch="false"/><line number="157" hits="61" branch="true" condition-coverage="100% (2/2)"><conditions><condition number="0" type="jump" coverage="100%"/></conditions></line><line number="158" hits="61" branch="false"/><line number="161" hits="1" branch="false"/><line number="163" hits="42" branch="true" condition-coverage="100% (2/2)"><conditions><condition number="0" type="jump" coverage="100%"/></conditions></line><line number="164" hits="42" branch="false"/><line number="166" hits="1" branch="false"/><line number="167" hits="41" branch="true" condition-coverage="100% (2/2)"><conditions><condition number="0" type="jump" coverage="100%"/></conditions></line><line number="168" hits="40" branch="false"/><line number="169" hits="41" branch="false"/><line number="172" hits="1" branch="false"/><line number="173" hits="1" branch="false"/><line number="174" hits="1" branch="true" condition-coverage="50% (1/2)"><conditions><condition number="0" type="jump" coverage="50%"/></conditions></line><line number="178" hits="0" branch="false"/><line number="181" hits="1" branch="false"/><line number="185" hits="2" branch="true" condition-coverage="50% (1/2)"><conditions><condition number="0" type="jump" coverage="50%"/></conditions></line><line number="187" hits="2" branch="false"/><line number="189" hits="2" branch="true" condition-coverage="50% (1/2)"><conditions><condition number="0" type="jump" coverage="50%"/></conditions></line><line number="191" hits="2" branch="false"/><line number="193" hits="47" branch="true" condition-coverage="100% (2/2)"><conditions><condition number="0" type="jump" coverage="100%"/></conditions></line><line number="194" hits="47" branch="false"/></lines></class><class name="cqrinr_f90" filename="src/cqrinr.f90" line-rate="1.0" branch-rate="0.8636363636363636" complexity="0.0"><methods/><lines><line number="107" hits="3" branch="false"/><line number="118" hits="3" branch="false"/><line number="119" hits="3" branch="true" condition-coverage="100% (2/2)"><conditions><condition number="0" type="jump" coverage="100%"/></conditions></line><line number="120" hits="1" branch="false"/><line number="121" hits="2" branch="true" condition-coverage="100% (2/2)"><conditions><condition number="0" type="jump" coverage="100%"/></conditions></line><line number="122" hits="1" branch="false"/><line number="124" hits="3" branch="true" condition-coverage="100% (2/2)"><conditions><condition number="0" type="jump" coverage="100%"/></conditions></line><line number="125" hits="2" branch="false"/><line number="126" hits="2" branch="false"/><line number="130" hits="61" branch="true" condition-coverage="100% (2/2)"><conditions><condition number="0" type="jump" coverage="100%"/></conditions></line><line number="131" hits="60" branch="true" condition-coverage="50% (1/2)"><conditions><condition number="0" type="jump" coverage="50%"/></conditions></line><line number="132" hits="60" branch="false"/><line number="134" hits="60" branch="false"/><line number="135" hits="61" branch="true" condition-coverage="50% (1/2)"><conditions><condition number="0" type="jump" coverage="50%"/></conditions></line><line number="136" hits="60" branch="false"/><line number="140" hits="30" branch="true" condition-coverage="100% (2/2)"><conditions><condition number="0" type="jump" coverage="100%"/></conditions></line><line number="141" hits="30" branch="false"/><line number="143" hits="1" branch="false"/><line number="144" hits="32" branch="true" condition-coverage="100% (2/2)"><conditions><condition number="0" type="jump" coverage="100%"/></conditions></line><line number="145" hits="32" branch="false"/><line number="148" hits="41" branch="true" condition-coverage="100% (2/2)"><conditions><condition number="0" type="jump" coverage="100%"/></conditions></line><line number="149" hits="40" branch="true" condition-coverage="50% (1/2)"><conditions><condition number="0" type="jump" coverage="50%"/></conditions></line><line number="150" hits="860" branch="true" condition-coverage="100% (2/2)"><conditions><condition number="0" type="jump" coverage="100%"/></conditions></line><line number="151" hits="860" branch="false"/><line number="153" hits="41" branch="false"/><line number="156" hits="1" branch="false"/><line number="158" hits="1" branch="false"/></lines></class><class name="cqrot_f90" filename="src/cqrot.f90" line-rate="1.0" branch-rate="0.9444444444444444" complexity="0.0"><methods/><lines><line number="100" hits="18" branch="false"/><line number="113" hits="22" branch="true" condition-coverage="50% (1/2)"><conditions><condition number="0" type="jump" coverage="50%"/></conditions></line><line number="115" hits="18" branch="false"/><line number="116" hits="18" branch="false"/><line number="117" hits="18" branch="true" condition-coverage="100% (2/2)"><conditions><condition number="0" type="jump" coverage="100%"/></conditions></line><line number="118" hits="1" branch="false"/><line number="119" hits="17" branch="true" condition-coverage="100% (2/2)"><conditions><condition number="0" type="jump" coverage="100%"/></conditions></line><line number="120" hits="1" branch="false"/><line number="121" hits="16" branch="true" condition-coverage="100% (2/2)"><conditions><condition number="0" type="jump" coverage="100%"/></conditions></line><line number="122" hits="1" branch="false"/><line number="123" hits="15" branch="true" condition-coverage="100% (2/2)"><conditions><condition number="0" type="jump" coverage="100%"/></conditions></line><line number="124" hits="1" branch="false"/><line number="126" hits="18" branch="true" condition-coverage="100% (2/2)"><conditions><condition number="0" type="jump" coverage="100%"/></conditions></line><line number="127" hits="4" branch="false"/><line number="128" hits="4" branch="false"/><line number="130" hits="14" branch="true" condition-coverage="100% (2/2)"><conditions><condition number="0" type="jump" coverage="100%"/></conditions></line><line number="131" hits="241" branch="true" condition-coverage="100% (2/2)"><conditions><condition number="0" type="jump" coverage="100%"/></conditions></line><line number="132" hits="241" branch="false"/><line number="135" hits="268" branch="true" condition-coverage="100% (2/2)"><conditions><condition number="0" type="jump" coverage="100%"/></conditions></line><line number="136" hits="268" branch="false"/></lines></class><class name="cqrqh_f90" filename="src/cqrqh.f90" line-rate="1.0" branch-rate="0.9285714285714286" complexity="0.0"><methods/><lines><line number="88" hits="12" branch="false"/><line number="98" hits="15" branch="true" condition-coverage="50% (1/2)"><conditions><condition number="0" type="jump" coverage="50%"/></conditions></line><line number="100" hits="12" branch="false"/><line number="101" hits="12" branch="true" condition-coverage="100% (2/2)"><conditions><condition number="0" type="jump" coverage="100%"/></conditions></line><line number="102" hits="1" branch="false"/><line number="103" hits="11" branch="true" condition-coverage="100% (2/2)"><conditions><condition number="0" type="jump" coverage="100%"/></conditions></line><line number="104" hits="1" branch="false"/><line number="105" hits="10" branch="true" condition-coverage="100% (2/2)"><conditions><condition number="0" type="jump" coverage="100%"/></conditions></line><line number="106" hits="1" branch="false"/><line number="108" hits="12" branch="true" condition-coverage="100% (2/2)"><conditions><condition number="0" type="jump" coverage="100%"/></conditions></line><line number="109" hits="3" branch="false"/><line number="110" hits="3" branch="false"/><line number="112" hits="300" branch="true" condition-coverage="100% (2/2)"><conditions><condition number="0" type="jump" coverage="100%"/></conditions></line><line number="114" hits="291" branch="false"/><line number="115" hits="291" branch="false"/><line number="116" hits="5731" branch="true" condition-coverage="100% (2/2)"><conditions><condition number="0" type="jump" coverage="100%"/></conditions></line><line number="117" hits="5440" branch="false"/><line number="118" hits="5731" branch="false"/><line number="120" hits="300" branch="false"/></lines></class><class name="cqrshc_f90" filename="src/cqrshc.f90" line-rate="1.0" branch-rate="0.8571428571428571" complexity="0.0"><methods/><lines><line number="121" hits="7" branch="false"/><line number="132" hits="12" branch="true" condition-coverage="50% (1/2)"><conditions><condition number="0" type="jump" coverage="50%"/></conditions></line><line number="133" hits="7" branch="false"/><line number="135" hits="7" branch="true" condition-coverage="100% (2/2)"><conditions><condition number="0" type="jump" coverage="100%"/></conditions></line><line number="136" hits="1" branch="false"/><line number="137" hits="6" branch="true" condition-coverage="100% (2/2)"><conditions><condition number="0" type="jump" coverage="100%"/></conditions></line><line number="138" hits="1" branch="false"/><line number="139" hits="5" branch="true" condition-coverage="100% (2/2)"><conditions><condition number="0" type="jump" coverage="100%"/></conditions></line><line number="140" hits="1" branch="false"/><line number="141" hits="4" branch="true" condition-coverage="100% (2/2)"><conditions><condition number="0" type="jump" coverage="100%"/></conditions></line><line number="142" hits="1" branch="false"/><line number="143" hits="3" branch="true" condition-coverage="100% (2/2)"><conditions><condition number="0" type="jump" coverage="100%"/></conditions></line><line number="144" hits="1" branch="false"/><line number="146" hits="7" branch="true" condition-coverage="100% (2/2)"><conditions><condition number="0" type="jump" coverage="100%"/></conditions></line><line number="147" hits="5" branch="false"/><line number="148" hits="5" branch="false"/><line number="150" hits="2" branch="true" condition-coverage="100% (2/2)"><conditions><condition number="0" type="jump" coverage="100%"/></conditions></line><line number="152" hits="1" branch="false"/><line number="153" hits="21" branch="true" condition-coverage="100% (2/2)"><conditions><condition number="0" type="jump" coverage="100%"/></conditions></line><line number="154" hits="21" branch="false"/><line number="156" hits="1" branch="false"/><line number="158" hits="1" branch="true" condition-coverage="50% (1/2)"><conditions><condition number="0" type="jump" coverage="50%"/></conditions></line><line number="159" hits="1" branch="false"/><line number="160" hits="1" branch="false"/><line number="162" hits="1" branch="false"/><line number="164" hits="1" branch="true" condition-coverage="50% (1/2)"><conditions><condition number="0" type="jump" coverage="50%"/></conditions></line><line number="166" hits="1" branch="false"/><line number="167" hits="21" branch="true" condition-coverage="100% (2/2)"><conditions><condition number="0" type="jump" coverage="100%"/></conditions></line><line number="168" hits="21" branch="false"/><line number="170" hits="1" branch="false"/><line number="172" hits="1" branch="true" condition-coverage="50% (1/2)"><conditions><condition number="0" type="jump" coverage="50%"/></conditions></line><line number="173" hits="1" branch="false"/><line number="174" hits="1" branch="false"/><line number="176" hits="1" branch="false"/><line number="178" hits="1" branch="false"/><line number="180" hits="1" branch="false"/><line number="182" hits="21" branch="true" condition-coverage="100% (2/2)"><conditions><condition number="0" type="jump" coverage="100%"/></conditions></line><line number="183" hits="21" branch="false"/></lines></class><class name="cqrtv1_f90" filename="src/cqrtv1.f90" line-rate="1.0" branch-rate="0.75" complexity="0.0"><methods/><lines><line number="74" hits="9" branch="false"/><line number="83" hits="9" branch="true" condition-coverage="50% (1/2)"><conditions><condition number="0" type="jump" coverage="50%"/></conditions></line><line number="84" hits="9" branch="false"/><line number="85" hits="325" branch="true" condition-coverage="100% (2/2)"><conditions><condition number="0" type="jump" coverage="100%"/></conditions></line><line number="86" hits="316" branch="false"/><line number="87" hits="325" branch="false"/><line number="89" hits="9" branch="false"/></lines></class><class name="dch1dn_f90" filename="src/dch1dn.f90" line-rate="0.875" branch-rate="0.85" complexity="0.0"><methods/><lines><line number="96" hits="3" branch="false"/><line number="108" hits="3" branch="true" condition-coverage="50% (1/2)"><conditions><condition number="0" type="jump" coverage="50%"/></conditions></line><line number="110" hits="3" branch="false"/><line number="111" hits="3" branch="true" condition-coverage="100% (2/2)"><conditions><condition number="0" type="jump" coverage="100%"/></conditions></line><line number="112" hits="1" branch="false"/><line number="113" hits="2" branch="true" condition-coverage="100% (2/2)"><conditions><condition number="0" type="jump" coverage="100%"/></conditions></line><line number="114" hits="1" branch="false"/><line number="116" hits="3" branch="true" condition-coverage="100% (2/2)"><conditions><condition number="0" type="jump" coverage="100%"/></conditions></line><line number="117" hits="2" branch="false"/><line number="118" hits="2" branch="false"/><line number="121" hits="51" branch="true" condition-coverage="100% (2/2)"><conditions><condition number="0" type="jump" coverage="100%"/></conditions></line><line number="122" hits="51" branch="true" condition-coverage="50% (1/2)"><conditions><condition number="0" type="jump" coverage="50%"/></conditions></line><line number="125" hits="1" branch="false"/><line number="126" hits="1" branch="false"/><line number="128" hits="1" branch="false"/><line number="129" hits="1" branch="true" condition-coverage="50% (1/2)"><conditions><condition number="0" type="jump" coverage="50%"/></conditions></line><line number="130" hits="1" branch="false"/><line number="132" hits="51" branch="true" condition-coverage="100% (2/2)"><conditions><condition number="0" type="jump" coverage="100%"/></conditions></line><line number="133" hits="50" branch="false"/><line number="135" hits="50" branch="false"/><line number="136" hits="51" branch="false"/><line number="139" hits="51" branch="true" condition-coverage="100% (2/2)"><conditions><condition number="0" type="jump" coverage="100%"/></conditions></line><line number="140" hits="50" branch="false"/><line number="141" hits="1326" branch="true" condition-coverage="100% (2/2)"><conditions><condition number="0" type="jump" coverage="100%"/></conditions></line><line number="142" hits="1275" branch="false"/><line number="143" hits="1275" branch="false"/><line number="144" hits="1325" branch="false"/><line number="148" hits="1" branch="false"/><line number="150" hits="0" branch="false"/><line number="151" hits="0" branch="false"/><line number="152" hits="0" branch="false"/><line number="153" hits="0" branch="false"/></lines></class><class name="dch1up_f90" filename="src/dch1up.f90" line-rate="1.0" branch-rate="1.0" complexity="0.0"><methods/><lines><line number="88" hits="3" branch="false"/><line number="98" hits="143" branch="true" condition-coverage="100% (2/2)"><conditions><condition number="0" type="jump" coverage="100%"/></conditions></line><line number="100" hits="140" branch="false"/><line number="101" hits="3370" branch="true" condition-coverage="100% (2/2)"><conditions><condition number="0" type="jump" coverage="100%"/></conditions></line><line number="102" hits="3230" branch="false"/><line number="103" hits="3230" branch="false"/><line number="104" hits="3370" branch="false"/><line number="107" hits="140" branch="false"/><line number="108" hits="143" branch="false"/><line number="110" hits="3" branch="false"/></lines></class><class name="dchdex_f90" filename="src/dchdex.f90" line-rate="1.0" branch-rate="0.8333333333333334" complexity="0.0"><methods/><lines><line number="80" hits="4" branch="false"/><line number="89" hits="6" branch="true" condition-coverage="50% (1/2)"><conditions><condition number="0" type="jump" coverage="50%"/></conditions></line><line number="91" hits="4" branch="false"/><line number="92" hits="4" branch="true" condition-coverage="100% (2/2)"><conditions><condition number="0" type="jump" coverage="100%"/></conditions></line><line number="93" hits="1" branch="false"/><line number="94" hits="3" branch="true" condition-coverage="100% (2/2)"><conditions><condition number="0" type="jump" coverage="100%"/></conditions></line><line number="95" hits="1" branch="false"/><line number="97" hits="4" branch="true" condition-coverage="100% (2/2)"><conditions><condition number="0" type="jump" coverage="100%"/></conditions></line><line number="98" hits="2" branch="false"/><line number="99" hits="2" branch="false"/><line number="102" hits="62" branch="true" condition-coverage="100% (2/2)"><conditions><condition number="0" type="jump" coverage="100%"/></conditions></line><line number="103" hits="62" branch="false"/><line number="106" hits="2" branch="true" condition-coverage="50% (1/2)"><conditions><condition number="0" type="jump" coverage="50%"/></conditions></line><line number="107" hits="2" branch="false"/></lines></class><class name="dchinx_f90" filename="src/dchinx.f90" line-rate="0.8787878787878788" branch-rate="0.85" complexity="0.0"><methods/><lines><line number="101" hits="3" branch="false"/><line number="113" hits="3" branch="false"/><line number="114" hits="3" branch="true" condition-coverage="100% (2/2)"><conditions><condition number="0" type="jump" coverage="100%"/></conditions></line><line number="115" hits="1" branch="false"/><line number="116" hits="2" branch="true" condition-coverage="100% (2/2)"><conditions><condition number="0" type="jump" coverage="100%"/></conditions></line><line number="117" hits="1" branch="false"/><line number="119" hits="3" branch="true" condition-coverage="100% (2/2)"><conditions><condition number="0" type="jump" coverage="100%"/></conditions></line><line number="120" hits="2" branch="false"/><line number="121" hits="2" branch="false"/><line number="124" hits="1" branch="false"/><line number="125" hits="26" branch="true" condition-coverage="100% (2/2)"><conditions><condition number="0" type="jump" coverage="100%"/></conditions></line><line number="126" hits="26" branch="false"/><line number="129" hits="50" branch="true" condition-coverage="100% (2/2)"><conditions><condition number="0" type="jump" coverage="100%"/></conditions></line><line number="130" hits="50" branch="true" condition-coverage="50% (1/2)"><conditions><condition number="0" type="jump" coverage="50%"/></conditions></line><line number="133" hits="1" branch="false"/><line number="134" hits="1" branch="false"/><line number="136" hits="1" branch="false"/><line number="137" hits="1" branch="true" condition-coverage="50% (1/2)"><conditions><condition number="0" type="jump" coverage="50%"/></conditions></line><line number="139" hits="26" branch="true" condition-coverage="100% (2/2)"><conditions><condition number="0" type="jump" coverage="100%"/></conditions></line><line number="140" hits="25" branch="false"/><line number="141" hits="26" branch="false"/><line number="143" hits="1" branch="false"/><line number="144" hits="1" branch="false"/><line number="146" hits="1" branch="true" condition-coverage="50% (1/2)"><conditions><condition number="0" type="jump" coverage="50%"/></conditions></line><line number="148" hits="1" branch="false"/><line number="150" hits="1" branch="false"/><line number="152" hits="26" branch="true" condition-coverage="100% (2/2)"><conditions><condition number="0" type="jump" coverage="100%"/></conditions></line><line number="153" hits="26" branch="false"/><line number="157" hits="1" branch="false"/><line number="159" hits="0" branch="false"/><line number="160" hits="0" branch="false"/><line number="161" hits="0" branch="false"/><line number="162" hits="0" branch="false"/></lines></class><class name="dchshx_f90" filename="src/dchshx.f90" line-rate="1.0" branch-rate="0.9" complexity="0.0"><methods/><lines><line number="90" hits="5" branch="false"/><line number="99" hits="8" branch="true" condition-coverage="50% (1/2)"><conditions><condition number="0" type="jump" coverage="50%"/></conditions></line><line number="100" hits="5" branch="false"/><line number="102" hits="5" branch="true" condition-coverage="100% (2/2)"><conditions><condition number="0" type="jump" coverage="100%"/></conditions></line><line number="103" hits="1" branch="false"/><line number="104" hits="4" branch="true" condition-coverage="100% (2/2)"><conditions><condition number="0" type="jump" coverage="100%"/></conditions></line><line number="105" hits="1" branch="false"/><line number="106" hits="3" branch="true" condition-coverage="100% (2/2)"><conditions><condition number="0" type="jump" coverage="100%"/></conditions></line><line number="107" hits="1" branch="false"/><line number="109" hits="5" branch="true" condition-coverage="100% (2/2)"><conditions><condition number="0" type="jump" coverage="100%"/></conditions></line><line number="110" hits="3" branch="false"/><line number="111" hits="3" branch="false"/><line number="113" hits="2" branch="true" condition-coverage="100% (2/2)"><conditions><condition number="0" type="jump" coverage="100%"/></conditions></line><line number="115" hits="1" branch="false"/><line number="116" hits="21" branch="true" condition-coverage="100% (2/2)"><conditions><condition number="0" type="jump" coverage="100%"/></conditions></line><line number="117" hits="21" branch="false"/><line number="119" hits="1" branch="false"/><line number="121" hits="1" branch="false"/><line number="122" hits="1" branch="true" condition-coverage="50% (1/2)"><conditions><condition number="0" type="jump" coverage="50%"/></conditions></line><line number="124" hits="1" branch="false"/><line number="125" hits="21" branch="true" condition-coverage="100% (2/2)"><conditions><condition number="0" type="jump" coverage="100%"/></conditions></line><line number="126" hits="21" branch="false"/><line number="128" hits="1" branch="false"/><line number="130" hits="1" branch="false"/><line number="132" hits="1" branch="false"/><line number="134" hits="31" branch="true" condition-coverage="100% (2/2)"><conditions><condition number="0" type="jump" coverage="100%"/></conditions></line><line number="135" hits="31" branch="false"/></lines></class><class name="dgqvec_f90" filename="src/dgqvec.f90" line-rate="0.90625" branch-rate="0.8333333333333334" complexity="0.0"><methods/><lines><line number="82" hits="27" branch="false"/><line number="92" hits="34" branch="true" condition-coverage="50% (1/2)"><conditions><condition number="0" type="jump" coverage="50%"/></conditions></line><line number="93" hits="27" branch="true" condition-coverage="100% (2/2)"><conditions><condition number="0" type="jump" coverage="100%"/></conditions></line><line number="94" hits="4" branch="false"/><line number="95" hits="40" branch="true" condition-coverage="100% (2/2)"><conditions><condition number="0" type="jump" coverage="100%"/></conditions></line><line number="96" hits="40" branch="false"/><line number="98" hits="4" branch="false"/><line number="101" hits="23" branch="false"/><line number="102" hits="23" branch="true" condition-coverage="100% (2/2)"><conditions><condition number="0" type="jump" coverage="100%"/></conditions></line><line number="103" hits="1" branch="false"/><line number="104" hits="22" branch="true" condition-coverage="100% (2/2)"><conditions><condition number="0" type="jump" coverage="100%"/></conditions></line><line number="105" hits="1" branch="false"/><line number="106" hits="21" branch="true" condition-coverage="100% (2/2)"><conditions><condition number="0" type="jump" coverage="100%"/></conditions></line><line number="107" hits="1" branch="false"/><line number="109" hits="23" branch="true" condition-coverage="100% (2/2)"><conditions><condition number="0" type="jump" coverage="100%"/></conditions></line><line number="110" hits="3" branch="false"/><line number="111" hits="3" branch="false"/><line number="113" hits="20" branch="false"/><line number="114" hits="20" branch="false"/><line number="115" hits="40" branch="true" condition-coverage="100% (2/2)"><conditions><condition number="0" type="jump" coverage="100%"/></conditions></line><line number="117" hits="580" branch="true" condition-coverage="100% (2/2)"><conditions><condition number="0" type="jump" coverage="100%"/></conditions></line><line number="118" hits="580" branch="false"/><line number="120" hits="20" branch="false"/><line number="122" hits="296" branch="true" condition-coverage="100% (2/2)"><conditions><condition number="0" type="jump" coverage="100%"/></conditions></line><line number="123" hits="276" branch="false"/><line number="124" hits="296" branch="false"/><line number="126" hits="20" branch="false"/><line number="127" hits="20" branch="true" condition-coverage="50% (1/2)"><conditions><condition number="0" type="jump" coverage="50%"/></conditions></line><line number="128" hits="0" branch="false"/><line number="129" hits="0" branch="true" condition-coverage="0% (0/2)"><conditions><condition number="0" type="jump" coverage="0%"/></conditions></line><line number="131" hits="0" branch="false"/><line number="135" hits="20" branch="false"/></lines></class><class name="dlu1up_f90" filename="src/dlu1up.f90" line-rate="1.0" branch-rate="0.9545454545454546" complexity="0.0"><methods/><lines><line number="106" hits="6" branch="false"/><line number="114" hits="6" branch="false"/><line number="115" hits="10" branch="true" condition-coverage="50% (1/2)"><conditions><condition number="0" type="jump" coverage="50%"/></conditions></line><line number="117" hits="6" branch="false"/><line number="118" hits="6" branch="true" condition-coverage="100% (2/2)"><conditions><condition number="0" type="jump" coverage="100%"/></conditions></line><line number="119" hits="1" branch="false"/><line number="120" hits="5" branch="true" condition-coverage="100% (2/2)"><conditions><condition number="0" type="jump" coverage="100%"/></conditions></line><line number="121" hits="1" branch="false"/><line number="122" hits="4" branch="true" condition-coverage="100% (2/2)"><conditions><condition number="0" type="jump" coverage="100%"/></conditions></line><line number="123" hits="1" branch="false"/><line number="124" hits="3" branch="true" condition-coverage="100% (2/2)"><conditions><condition number="0" type="jump" coverage="100%"/></conditions></line><line number="125" hits="1" branch="false"/><line number="127" hits="6" branch="true" condition-coverage="100% (2/2)"><conditions><condition number="0" type="jump" coverage="100%"/></conditions></line><line number="128" hits="4" branch="false"/><line number="129" hits="4" branch="false"/><line number="133" hits="82" branch="true" condition-coverage="100% (2/2)"><conditions><condition number="0" type="jump" coverage="100%"/></conditions></line><line number="135" hits="80" branch="false"/><line number="136" hits="80" branch="false"/><line number="138" hits="1640" branch="true" condition-coverage="100% (2/2)"><conditions><condition number="0" type="jump" coverage="100%"/></conditions></line><line number="139" hits="1560" branch="false"/><line number="140" hits="1640" branch="false"/><line number="143" hits="80" branch="false"/><line number="144" hits="80" branch="false"/><line number="146" hits="2440" branch="true" condition-coverage="100% (2/2)"><conditions><condition number="0" type="jump" coverage="100%"/></conditions></line><line number="147" hits="2360" branch="false"/><line number="148" hits="2440" branch="false"/><line number="150" hits="80" branch="false"/><line number="151" hits="82" branch="false"/><line number="154" hits="22" branch="true" condition-coverage="100% (2/2)"><conditions><condition number="0" type="jump" coverage="100%"/></conditions></line><line number="155" hits="20" branch="false"/><line number="156" hits="820" branch="true" condition-coverage="100% (2/2)"><conditions><condition number="0" type="jump" coverage="100%"/></conditions></line><line number="157" hits="800" branch="false"/><line number="158" hits="820" branch="false"/><line number="160" hits="22" branch="false"/></lines></class><class name="dlup1up_f90" filename="src/dlup1up.f90" line-rate="1.0" branch-rate="0.9615384615384616" complexity="0.0"><methods/><lines><line number="116" hits="6" branch="false"/><line number="131" hits="6" branch="false"/><line number="132" hits="10" branch="true" condition-coverage="50% (1/2)"><conditions><condition number="0" type="jump" coverage="50%"/></conditions></line><line number="134" hits="6" branch="false"/><line number="135" hits="6" branch="true" condition-coverage="100% (2/2)"><conditions><condition number="0" type="jump" coverage="100%"/></conditions></line><line number="136" hits="1" branch="false"/><line number="137" hits="5" branch="true" condition-coverage="100% (2/2)"><conditions><condition number="0" type="jump" coverage="100%"/></conditions></line><line number="138" hits="1" branch="false"/><line number="139" hits="4" branch="true" condition-coverage="100% (2/2)"><conditions><condition number="0" type="jump" coverage="100%"/></conditions></line><line number="140" hits="1" branch="false"/><line number="141" hits="3" branch="true" condition-coverage="100% (2/2)"><conditions><condition number="0" type="jump" coverage="100%"/></conditions></line><line number="142" hits="1" branch="false"/><line number="144" hits="6" branch="true" condition-coverage="100% (2/2)"><conditions><condition number="0" type="jump" coverage="100%"/></conditions></line><line number="145" hits="4" branch="false"/><line number="146" hits="4" branch="false"/><line number="149" hits="102" branch="true" condition-coverage="100% (2/2)"><conditions><condition number="0" type="jump" coverage="100%"/></conditions></line><line number="150" hits="102" branch="false"/><line number="152" hits="2" branch="false"/><line number="154" hits="2" branch="true" condition-coverage="100% (2/2)"><conditions><condition number="0" type="jump" coverage="100%"/></conditions></line><line number="155" hits="1" branch="false"/><line number="158" hits="80" branch="true" condition-coverage="100% (2/2)"><conditions><condition number="0" type="jump" coverage="100%"/></conditions></line><line number="159" hits="78" branch="true" condition-coverage="100% (2/2)"><conditions><condition number="0" type="jump" coverage="100%"/></conditions></line><line number="161" hits="8" branch="false"/><line number="162" hits="8" branch="false"/><line number="163" hits="8" branch="false"/><line number="165" hits="8" branch="false"/><line number="166" hits="8" branch="false"/><line number="167" hits="8" branch="false"/><line number="169" hits="8" branch="false"/><line number="170" hits="8" branch="false"/><line number="172" hits="8" branch="false"/><line number="174" hits="8" branch="false"/><line number="175" hits="8" branch="false"/><line number="177" hits="8" branch="false"/><line number="179" hits="8" branch="false"/><line number="182" hits="78" branch="false"/><line number="183" hits="78" branch="false"/><line number="185" hits="78" branch="false"/><line number="187" hits="80" branch="false"/><line number="190" hits="2" branch="false"/><line number="192" hits="80" branch="true" condition-coverage="100% (2/2)"><conditions><condition number="0" type="jump" coverage="100%"/></conditions></line><line number="193" hits="78" branch="true" condition-coverage="100% (2/2)"><conditions><condition number="0" type="jump" coverage="100%"/></conditions></line><line number="196" hits="1" branch="false"/><line number="197" hits="1" branch="false"/><line number="198" hits="1" branch="false"/><line number="200" hits="1" branch="false"/><line number="201" hits="1" branch="false"/><line number="203" hits="1" branch="false"/><line number="205" hits="1" branch="false"/><line number="206" hits="1" branch="false"/><line number="208" hits="1" branch="false"/><line number="211" hits="78" branch="false"/><line number="213" hits="78" branch="false"/><line number="214" hits="78" branch="false"/><line number="216" hits="80" branch="false"/><line number="219" hits="2" branch="true" condition-coverage="100% (2/2)"><conditions><condition number="0" type="jump" coverage="100%"/></conditions></line><line number="220" hits="1" branch="false"/><line number="221" hits="1" branch="false"/><line number="222" hits="1" branch="false"/></lines></class><class name="dqhqr_f90" filename="src/dqhqr.f90" line-rate="1.0" branch-rate="0.9375" complexity="0.0"><methods/><lines><line number="89" hits="13" branch="false"/><line number="100" hits="16" branch="true" condition-coverage="50% (1/2)"><conditions><condition number="0" type="jump" coverage="50%"/></conditions></line><line number="102" hits="13" branch="false"/><line number="103" hits="13" branch="true" condition-coverage="100% (2/2)"><conditions><condition number="0" type="jump" coverage="100%"/></conditions></line><line number="104" hits="1" branch="false"/><line number="105" hits="12" branch="true" condition-coverage="100% (2/2)"><conditions><condition number="0" type="jump" coverage="100%"/></conditions></line><line number="106" hits="1" branch="false"/><line number="107" hits="11" branch="true" condition-coverage="100% (2/2)"><conditions><condition number="0" type="jump" coverage="100%"/></conditions></line><line number="108" hits="1" branch="false"/><line number="110" hits="13" branch="true" condition-coverage="100% (2/2)"><conditions><condition number="0" type="jump" coverage="100%"/></conditions></line><line number="111" hits="3" branch="false"/><line number="112" hits="3" branch="false"/><line number="114" hits="368" branch="true" condition-coverage="100% (2/2)"><conditions><condition number="0" type="jump" coverage="100%"/></conditions></line><line number="116" hits="358" branch="false"/><line number="117" hits="358" branch="false"/><line number="118" hits="6784" branch="true" condition-coverage="100% (2/2)"><conditions><condition number="0" type="jump" coverage="100%"/></conditions></line><line number="119" hits="6426" branch="false"/><line number="120" hits="6784" branch="false"/><line number="122" hits="368" branch="true" condition-coverage="100% (2/2)"><conditions><condition number="0" type="jump" coverage="100%"/></conditions></line><line number="124" hits="324" branch="false"/><line number="125" hits="324" branch="false"/><line number="127" hits="34" branch="false"/></lines></class><class name="dqr1up_f90" filename="src/dqr1up.f90" line-rate="1.0" branch-rate="0.9230769230769231" complexity="0.0"><methods/><lines><line number="116" hits="8" branch="false"/><line number="131" hits="15" branch="true" condition-coverage="50% (1/2)"><conditions><condition number="0" type="jump" coverage="50%"/></conditions></line><line number="133" hits="8" branch="false"/><line number="134" hits="8" branch="true" condition-coverage="100% (2/2)"><conditions><condition number="0" type="jump" coverage="100%"/></conditions></line><line number="135" hits="1" branch="false"/><line number="136" hits="7" branch="true" condition-coverage="100% (2/2)"><conditions><condition number="0" type="jump" coverage="100%"/></conditions></line><line number="137" hits="1" branch="false"/><line number="138" hits="6" branch="true" condition-coverage="100% (2/2)"><conditions><condition number="0" type="jump" coverage="100%"/></conditions></line><line number="139" hits="1" branch="false"/><line number="140" hits="5" branch="true" condition-coverage="100% (2/2)"><conditions><condition number="0" type="jump" coverage="100%"/></conditions></line><line number="141" hits="1" branch="false"/><line number="142" hits="4" branch="true" condition-coverage="100% (2/2)"><conditions><condition number="0" type="jump" coverage="100%"/></conditions></line><line number="143" hits="1" branch="false"/><line number="145" hits="8" branch="true" condition-coverage="100% (2/2)"><conditions><condition number="0" type="jump" coverage="100%"/></conditions></line><line number="146" hits="5" branch="false"/><line number="147" hits="5" branch="false"/><line number="149" hits="3" branch="false"/><line number="150" hits="3" branch="false"/><line number="152" hits="3" branch="true" condition-coverage="100% (2/2)"><conditions><condition number="0" type="jump" coverage="100%"/></conditions></line><line number="154" hits="143" branch="true" condition-coverage="100% (2/2)"><conditions><condition number="0" type="jump" coverage="100%"/></conditions></line><line number="155" hits="140" branch="false"/><line number="156" hits="143" branch="true" condition-coverage="100% (2/2)"><conditions><condition number="0" type="jump" coverage="100%"/></conditions></line><line number="159" hits="3" branch="false"/><line number="161" hits="3" branch="false"/><line number="163" hits="3" branch="false"/><line number="165" hits="3" branch="false"/><line number="167" hits="3" branch="false"/><line number="169" hits="3" branch="false"/><line number="171" hits="3" branch="true" condition-coverage="100% (2/2)"><conditions><condition number="0" type="jump" coverage="100%"/></conditions></line><line number="173" hits="1" branch="false"/><line number="174" hits="1" branch="false"/><line number="175" hits="1" branch="true" condition-coverage="50% (1/2)"><conditions><condition number="0" type="jump" coverage="50%"/></conditions></line><line number="177" hits="1" branch="false"/><line number="178" hits="1" branch="false"/><line number="179" hits="1" branch="false"/><line number="180" hits="41" branch="true" condition-coverage="100% (2/2)"><conditions><condition number="0" type="jump" coverage="100%"/></conditions></line><line number="181" hits="41" branch="false"/></lines></class><class name="dqrdec_f90" filename="src/dqrdec.f90" line-rate="1.0" branch-rate="0.9" complexity="0.0"><methods/><lines><line number="108" hits="8" branch="false"/><line number="118" hits="14" branch="true" condition-coverage="50% (1/2)"><conditions><condition number="0" type="jump" coverage="50%"/></conditions></line><line number="120" hits="8" branch="false"/><line number="121" hits="8" branch="true" condition-coverage="100% (2/2)"><conditions><condition number="0" type="jump" coverage="100%"/></conditions></line><line number="122" hits="1" branch="false"/><line number="123" hits="7" branch="true" condition-coverage="100% (2/2)"><conditions><condition number="0" type="jump" coverage="100%"/></conditions></line><line number="124" hits="1" branch="false"/><line number="125" hits="6" branch="true" condition-coverage="100% (2/2)"><conditions><condition number="0" type="jump" coverage="100%"/></conditions></line><line number="126" hits="1" branch="false"/><line number="127" hits="5" branch="true" condition-coverage="100% (2/2)"><conditions><condition number="0" type="jump" coverage="100%"/></conditions></line><line number="128" hits="1" branch="false"/><line number="129" hits="4" branch="true" condition-coverage="100% (2/2)"><conditions><condition number="0" type="jump" coverage="100%"/></conditions></line><line number="130" hits="1" branch="false"/><line number="131" hits="3" branch="true" condition-coverage="100% (2/2)"><conditions><condition number="0" type="jump" coverage="100%"/></conditions></line><line number="132" hits="1" branch="false"/><line number="134" hits="8" branch="true" condition-coverage="100% (2/2)"><conditions><condition number="0" type="jump" coverage="100%"/></conditions></line><line number="135" hits="6" branch="false"/><line number="136" hits="6" branch="false"/><line number="139" hits="58" branch="true" condition-coverage="100% (2/2)"><conditions><condition number="0" type="jump" coverage="100%"/></conditions></line><line number="140" hits="58" branch="false"/><line number="143" hits="2" branch="true" condition-coverage="50% (1/2)"><conditions><condition number="0" type="jump" coverage="50%"/></conditions></line><line number="144" hits="2" branch="false"/><line number="146" hits="2" branch="false"/></lines></class><class name="dqrder_f90" filename="src/dqrder.f90" line-rate="1.0" branch-rate="0.8333333333333334" complexity="0.0"><methods/><lines><line number="99" hits="3" branch="false"/><line number="109" hits="5" branch="true" condition-coverage="50% (1/2)"><conditions><condition number="0" type="jump" coverage="50%"/></conditions></line><line number="111" hits="3" branch="false"/><line number="112" hits="3" branch="true" condition-coverage="100% (2/2)"><conditions><condition number="0" type="jump" coverage="100%"/></conditions></line><line number="113" hits="1" branch="false"/><line number="114" hits="2" branch="true" condition-coverage="100% (2/2)"><conditions><condition number="0" type="jump" coverage="100%"/></conditions></line><line number="115" hits="1" branch="false"/><line number="117" hits="3" branch="true" condition-coverage="100% (2/2)"><conditions><condition number="0" type="jump" coverage="100%"/></conditions></line><line number="118" hits="2" branch="false"/><line number="119" hits="2" branch="false"/><line number="122" hits="1" branch="false"/><line number="123" hits="1" branch="false"/><line number="125" hits="1" branch="false"/><line number="127" hits="60" branch="true" condition-coverage="100% (2/2)"><conditions><condition number="0" type="jump" coverage="100%"/></conditions></line><line number="128" hits="59" branch="true" condition-coverage="50% (1/2)"><conditions><condition number="0" type="jump" coverage="50%"/></conditions></line><line number="129" hits="60" branch="true" condition-coverage="50% (1/2)"><conditions><condition number="0" type="jump" coverage="50%"/></conditions></line><line number="132" hits="1" branch="false"/><line number="134" hits="41" branch="true" condition-coverage="100% (2/2)"><conditions><condition number="0" type="jump" coverage="100%"/></conditions></line><line number="135" hits="2401" branch="true" condition-coverage="100% (2/2)"><conditions><condition number="0" type="jump" coverage="100%"/></conditions></line><line number="136" hits="2400" branch="false"/></lines></class><class name="dqrinc_f90" filename="src/dqrinc.f90" line-rate="0.9767441860465116" branch-rate="0.8823529411764706" complexity="0.0"><methods/><lines><line number="115" hits="8" branch="false"/><line number="129" hits="14" branch="true" condition-coverage="50% (1/2)"><conditions><condition number="0" type="jump" coverage="50%"/></conditions></line><line number="131" hits="8" branch="false"/><line numbe
[...]
00" branch="true" condition-coverage="100% (2/2)"><conditions><condition number="0" type="jump" coverage="100%"/></conditions></line><line number="632" hits="7594" branch="false"/><line number="636" hits="6" branch="false"/><line number="638" hits="6" branch="false"/><line number="639" hits="6" branch="false"/><line number="640" hits="6" branch="false"/><line number="645" hits="2" branch="false"/><line number="649" hits="4" branch="false"/><line number="651" hits="2" branch="true" condition-coverage="100% (2/2)"><conditions><condition number="0" type="jump" coverage="100%"/></conditions></line><line number="652" hits="1" branch="false"/><line number="653" hits="1" branch="false"/><line number="654" hits="1" branch="false"/><line number="656" hits="1" branch="false"/><line number="657" hits="1" branch="false"/><line number="658" hits="1" branch="false"/><line number="660" hits="82" branch="true" condition-coverage="100% (2/2)"><conditions><condition number="0" type="jump" coverage="100%"/></conditions></line><line number="661" hits="1640" branch="true" condition-coverage="100% (2/2)"><conditions><condition number="0" type="jump" coverage="100%"/></conditions></line><line number="662" hits="1640" branch="false"/><line number="664" hits="82" branch="false"/><line number="667" hits="82" branch="true" condition-coverage="100% (2/2)"><conditions><condition number="0" type="jump" coverage="100%"/></conditions></line><line number="668" hits="80" branch="false"/><line number="669" hits="82" branch="true" condition-coverage="100% (2/2)"><conditions><condition number="0" type="jump" coverage="100%"/></conditions></line><line number="670" hits="75" branch="false"/><line number="673" hits="2" branch="false"/><line number="675" hits="2" branch="false"/><line number="679" hits="4" branch="false"/><line number="681" hits="2" branch="true" condition-coverage="100% (2/2)"><conditions><condition number="0" type="jump" coverage="100%"/></conditions></line><line number="682" hits="1" branch="false"/><line number="683" hits="1" branch="false"/><line number="684" hits="1" branch="false"/><line number="686" hits="1" branch="false"/><line number="687" hits="1" branch="false"/><line number="688" hits="1" branch="false"/><line number="690" hits="82" branch="true" condition-coverage="100% (2/2)"><conditions><condition number="0" type="jump" coverage="100%"/></conditions></line><line number="691" hits="1640" branch="true" condition-coverage="100% (2/2)"><conditions><condition number="0" type="jump" coverage="100%"/></conditions></line><line number="692" hits="1640" branch="false"/><line number="694" hits="82" branch="false"/><line number="697" hits="82" branch="true" condition-coverage="100% (2/2)"><conditions><condition number="0" type="jump" coverage="100%"/></conditions></line><line number="698" hits="80" branch="false"/><line number="699" hits="82" branch="true" condition-coverage="100% (2/2)"><conditions><condition number="0" type="jump" coverage="100%"/></conditions></line><line number="700" hits="75" branch="false"/><line number="703" hits="2" branch="false"/><line number="705" hits="2" branch="false"/><line number="709" hits="4" branch="false"/><line number="711" hits="2" branch="true" condition-coverage="100% (2/2)"><conditions><condition number="0" type="jump" coverage="100%"/></conditions></line><line number="712" hits="1" branch="false"/><line number="713" hits="1" branch="false"/><line number="714" hits="1" branch="false"/><line number="716" hits="1" branch="false"/><line number="717" hits="1" branch="false"/><line number="718" hits="1" branch="false"/><line number="720" hits="82" branch="true" condition-coverage="100% (2/2)"><conditions><condition number="0" type="jump" coverage="100%"/></conditions></line><line number="721" hits="1640" branch="true" condition-coverage="100% (2/2)"><conditions><condition number="0" type="jump" coverage="100%"/></conditions></line><line number="722" hits="1640" branch="false"/><line number="724" hits="82" branch="false"/><line number="727" hits="82" branch="true" condition-coverage="100% (2/2)"><conditions><condition number="0" type="jump" coverage="100%"/></conditions></line><line number="728" hits="80" branch="false"/><line number="729" hits="82" branch="true" condition-coverage="100% (2/2)"><conditions><condition number="0" type="jump" coverage="100%"/></conditions></line><line number="730" hits="76" branch="false"/><line number="733" hits="2" branch="false"/><line number="735" hits="2" branch="false"/><line number="739" hits="4" branch="false"/><line number="741" hits="2" branch="true" condition-coverage="100% (2/2)"><conditions><condition number="0" type="jump" coverage="100%"/></conditions></line><line number="742" hits="1" branch="false"/><line number="743" hits="1" branch="false"/><line number="744" hits="1" branch="false"/><line number="746" hits="1" branch="false"/><line number="747" hits="1" branch="false"/><line number="748" hits="1" branch="false"/><line number="750" hits="82" branch="true" condition-coverage="100% (2/2)"><conditions><condition number="0" type="jump" coverage="100%"/></conditions></line><line number="751" hits="1640" branch="true" condition-coverage="100% (2/2)"><conditions><condition number="0" type="jump" coverage="100%"/></conditions></line><line number="752" hits="1640" branch="false"/><line number="754" hits="82" branch="false"/><line number="757" hits="82" branch="true" condition-coverage="100% (2/2)"><conditions><condition number="0" type="jump" coverage="100%"/></conditions></line><line number="758" hits="80" branch="false"/><line number="759" hits="82" branch="true" condition-coverage="100% (2/2)"><conditions><condition number="0" type="jump" coverage="100%"/></conditions></line><line number="760" hits="74" branch="false"/><line number="763" hits="2" branch="false"/><line number="765" hits="2" branch="false"/><line number="775" hits="100" branch="true" condition-coverage="100% (2/2)"><conditions><condition number="0" type="jump" coverage="100%"/></conditions></line><line number="776" hits="1660" branch="true" condition-coverage="100% (2/2)"><conditions><condition number="0" type="jump" coverage="100%"/></conditions></line><line number="777" hits="1658" branch="false"/><line number="781" hits="2" branch="false"/><line number="783" hits="2" branch="false"/><line number="784" hits="2" branch="false"/><line number="785" hits="2" branch="false"/><line number="790" hits="2" branch="false"/><line number="800" hits="100" branch="true" condition-coverage="100% (2/2)"><conditions><condition number="0" type="jump" coverage="100%"/></conditions></line><line number="801" hits="1660" branch="true" condition-coverage="100% (2/2)"><conditions><condition number="0" type="jump" coverage="100%"/></conditions></line><line number="802" hits="1658" branch="false"/><line number="806" hits="2" branch="false"/><line number="808" hits="2" branch="false"/><line number="809" hits="2" branch="false"/><line number="810" hits="2" branch="false"/><line number="815" hits="2" branch="false"/><line number="825" hits="100" branch="true" condition-coverage="100% (2/2)"><conditions><condition number="0" type="jump" coverage="100%"/></conditions></line><line number="826" hits="1660" branch="true" condition-coverage="100% (2/2)"><conditions><condition number="0" type="jump" coverage="100%"/></conditions></line><line number="827" hits="1658" branch="false"/><line number="832" hits="2" branch="false"/><line number="834" hits="2" branch="false"/><line number="835" hits="2" branch="false"/><line number="836" hits="2" branch="false"/><line number="841" hits="2" branch="false"/><line number="851" hits="100" branch="true" condition-coverage="100% (2/2)"><conditions><condition number="0" type="jump" coverage="100%"/></conditions></line><line number="852" hits="1660" branch="true" condition-coverage="100% (2/2)"><conditions><condition number="0" type="jump" coverage="100%"/></conditions></line><line number="853" hits="1658" branch="false"/><line number="858" hits="2" branch="false"/><line number="860" hits="2" branch="false"/><line number="861" hits="2" branch="false"/><line number="862" hits="2" branch="false"/><line number="867" hits="2" branch="false"/><line number="870" hits="4" branch="false"/><line number="872" hits="2" branch="true" condition-coverage="100% (2/2)"><conditions><condition number="0" type="jump" coverage="100%"/></conditions></line><line number="873" hits="1" branch="false"/><line number="874" hits="1" branch="false"/><line number="875" hits="1" branch="false"/><line number="877" hits="1" branch="false"/><line number="878" hits="1" branch="false"/><line number="879" hits="1" branch="false"/><line number="881" hits="82" branch="true" condition-coverage="100% (2/2)"><conditions><condition number="0" type="jump" coverage="100%"/></conditions></line><line number="882" hits="1640" branch="true" condition-coverage="100% (2/2)"><conditions><condition number="0" type="jump" coverage="100%"/></conditions></line><line number="883" hits="1640" branch="false"/><line number="885" hits="82" branch="false"/><line number="888" hits="102" branch="true" condition-coverage="100% (2/2)"><conditions><condition number="0" type="jump" coverage="100%"/></conditions></line><line number="889" hits="102" branch="false"/><line number="891" hits="82" branch="true" condition-coverage="100% (2/2)"><conditions><condition number="0" type="jump" coverage="100%"/></conditions></line><line number="892" hits="80" branch="false"/><line number="893" hits="82" branch="true" condition-coverage="100% (2/2)"><conditions><condition number="0" type="jump" coverage="100%"/></conditions></line><line number="894" hits="75" branch="false"/><line number="895" hits="75" branch="false"/><line number="896" hits="75" branch="false"/><line number="900" hits="100" branch="true" condition-coverage="100% (2/2)"><conditions><condition number="0" type="jump" coverage="100%"/></conditions></line><line number="901" hits="1660" branch="true" condition-coverage="100% (2/2)"><conditions><condition number="0" type="jump" coverage="100%"/></conditions></line><line number="902" hits="1658" branch="false"/><line number="905" hits="2" branch="false"/><line number="907" hits="2" branch="false"/><line number="910" hits="4" branch="false"/><line number="912" hits="2" branch="true" condition-coverage="100% (2/2)"><conditions><condition number="0" type="jump" coverage="100%"/></conditions></line><line number="913" hits="1" branch="false"/><line number="914" hits="1" branch="false"/><line number="915" hits="1" branch="false"/><line number="917" hits="1" branch="false"/><line number="918" hits="1" branch="false"/><line number="919" hits="1" branch="false"/><line number="921" hits="82" branch="true" condition-coverage="100% (2/2)"><conditions><condition number="0" type="jump" coverage="100%"/></conditions></line><line number="922" hits="1640" branch="true" condition-coverage="100% (2/2)"><conditions><condition number="0" type="jump" coverage="100%"/></conditions></line><line number="923" hits="1640" branch="false"/><line number="925" hits="82" branch="false"/><line number="928" hits="102" branch="true" condition-coverage="100% (2/2)"><conditions><condition number="0" type="jump" coverage="100%"/></conditions></line><line number="929" hits="102" branch="false"/><line number="931" hits="82" branch="true" condition-coverage="100% (2/2)"><conditions><condition number="0" type="jump" coverage="100%"/></conditions></line><line number="932" hits="80" branch="false"/><line number="933" hits="82" branch="true" condition-coverage="100% (2/2)"><conditions><condition number="0" type="jump" coverage="100%"/></conditions></line><line number="934" hits="75" branch="false"/><line number="935" hits="75" branch="false"/><line number="936" hits="75" branch="false"/><line number="940" hits="100" branch="true" condition-coverage="100% (2/2)"><conditions><condition number="0" type="jump" coverage="100%"/></conditions></line><line number="941" hits="1660" branch="true" condition-coverage="100% (2/2)"><conditions><condition number="0" type="jump" coverage="100%"/></conditions></line><line number="942" hits="1658" branch="false"/><line number="945" hits="2" branch="false"/><line number="947" hits="2" branch="false"/><line number="950" hits="4" branch="false"/><line number="952" hits="2" branch="true" condition-coverage="100% (2/2)"><conditions><condition number="0" type="jump" coverage="100%"/></conditions></line><line number="953" hits="1" branch="false"/><line number="954" hits="1" branch="false"/><line number="955" hits="1" branch="false"/><line number="957" hits="1" branch="false"/><line number="958" hits="1" branch="false"/><line number="959" hits="1" branch="false"/><line number="961" hits="82" branch="true" condition-coverage="100% (2/2)"><conditions><condition number="0" type="jump" coverage="100%"/></conditions></line><line number="962" hits="1640" branch="true" condition-coverage="100% (2/2)"><conditions><condition number="0" type="jump" coverage="100%"/></conditions></line><line number="963" hits="1640" branch="false"/><line number="965" hits="82" branch="false"/><line number="968" hits="102" branch="true" condition-coverage="100% (2/2)"><conditions><condition number="0" type="jump" coverage="100%"/></conditions></line><line number="969" hits="102" branch="false"/><line number="971" hits="82" branch="true" condition-coverage="100% (2/2)"><conditions><condition number="0" type="jump" coverage="100%"/></conditions></line><line number="972" hits="80" branch="false"/><line number="973" hits="82" branch="true" condition-coverage="100% (2/2)"><conditions><condition number="0" type="jump" coverage="100%"/></conditions></line><line number="974" hits="76" branch="false"/><line number="975" hits="76" branch="false"/><line number="976" hits="76" branch="false"/><line number="980" hits="100" branch="true" condition-coverage="100% (2/2)"><conditions><condition number="0" type="jump" coverage="100%"/></conditions></line><line number="981" hits="1660" branch="true" condition-coverage="100% (2/2)"><conditions><condition number="0" type="jump" coverage="100%"/></conditions></line><line number="982" hits="1658" branch="false"/><line number="985" hits="2" branch="false"/><line number="987" hits="2" branch="false"/><line number="990" hits="4" branch="false"/><line number="992" hits="2" branch="true" condition-coverage="100% (2/2)"><conditions><condition number="0" type="jump" coverage="100%"/></conditions></line><line number="993" hits="1" branch="false"/><line number="994" hits="1" branch="false"/><line number="995" hits="1" branch="false"/><line number="997" hits="1" branch="false"/><line number="998" hits="1" branch="false"/><line number="999" hits="1" branch="false"/><line number="1001" hits="82" branch="true" condition-coverage="100% (2/2)"><conditions><condition number="0" type="jump" coverage="100%"/></conditions></line><line number="1002" hits="1640" branch="true" condition-coverage="100% (2/2)"><conditions><condition number="0" type="jump" coverage="100%"/></conditions></line><line number="1003" hits="1640" branch="false"/><line number="1005" hits="82" branch="false"/><line number="1008" hits="102" branch="true" condition-coverage="100% (2/2)"><conditions><condition number="0" type="jump" coverage="100%"/></conditions></line><line number="1009" hits="102" branch="false"/><line number="1011" hits="82" branch="true" condition-coverage="100% (2/2)"><conditions><condition number="0" type="jump" coverage="100%"/></conditions></line><line number="1012" hits="80" branch="false"/><line number="1013" hits="82" branch="true" condition-coverage="100% (2/2)"><conditions><condition number="0" type="jump" coverage="100%"/></conditions></line><line number="1014" hits="74" branch="false"/><line number="1015" hits="74" branch="false"/><line number="1016" hits="74" branch="false"/><line number="1020" hits="100" branch="true" condition-coverage="100% (2/2)"><conditions><condition number="0" type="jump" coverage="100%"/></conditions></line><line number="1021" hits="1660" branch="true" condition-coverage="100% (2/2)"><conditions><condition number="0" type="jump" coverage="100%"/></conditions></line><line number="1022" hits="1658" branch="false"/><line number="1025" hits="2" branch="false"/><line number="1028" hits="8" branch="false"/><line number="1030" hits="16" branch="false"/><line number="1031" hits="408" branch="true" condition-coverage="100% (2/2)"><conditions><condition number="0" type="jump" coverage="100%"/></conditions></line><line number="1032" hits="408" branch="false"/><line number="1034" hits="408" branch="true" condition-coverage="100% (2/2)"><conditions><condition number="0" type="jump" coverage="100%"/></conditions></line><line number="1035" hits="400" branch="false"/><line number="1036" hits="400" branch="false"/><line number="1037" hits="408" branch="true" condition-coverage="100% (2/2)"><conditions><condition number="0" type="jump" coverage="100%"/></conditions></line><line number="1038" hits="305" branch="false"/><line number="1039" hits="305" branch="false"/><line number="1040" hits="305" branch="false"/><line number="1043" hits="8" branch="false"/><line number="1045" hits="2" branch="false"/><line number="1056" hits="2" branch="false"/><line number="1058" hits="102" branch="true" condition-coverage="100% (2/2)"><conditions><condition number="0" type="jump" coverage="100%"/></conditions></line><line number="1059" hits="100" branch="false"/><line number="1060" hits="102" branch="true" condition-coverage="100% (2/2)"><conditions><condition number="0" type="jump" coverage="100%"/></conditions></line><line number="1061" hits="76" branch="false"/><line number="1064" hits="2" branch="false"/><line number="1066" hits="2" branch="false"/><line number="1067" hits="2" branch="false"/><line number="1068" hits="2" branch="false"/><line number="1073" hits="2" branch="false"/><line number="1084" hits="2" branch="false"/><line number="1086" hits="102" branch="true" condition-coverage="100% (2/2)"><conditions><condition number="0" type="jump" coverage="100%"/></conditions></line><line number="1087" hits="100" branch="false"/><line number="1088" hits="102" branch="true" condition-coverage="100% (2/2)"><conditions><condition number="0" type="jump" coverage="100%"/></conditions></line><line number="1089" hits="78" branch="false"/><line number="1092" hits="2" branch="false"/><line number="1094" hits="2" branch="false"/><line number="1095" hits="2" branch="false"/><line number="1096" hits="2" branch="false"/><line number="1101" hits="2" branch="false"/><line number="1112" hits="2" branch="false"/><line number="1114" hits="102" branch="true" condition-coverage="100% (2/2)"><conditions><condition number="0" type="jump" coverage="100%"/></conditions></line><line number="1115" hits="100" branch="false"/><line number="1116" hits="102" branch="true" condition-coverage="100% (2/2)"><conditions><condition number="0" type="jump" coverage="100%"/></conditions></line><line number="1117" hits="77" branch="false"/><line number="1121" hits="2" branch="false"/><line number="1123" hits="2" branch="false"/><line number="1124" hits="2" branch="false"/><line number="1125" hits="2" branch="false"/><line number="1130" hits="2" branch="false"/><line number="1141" hits="2" branch="false"/><line number="1143" hits="102" branch="true" condition-coverage="100% (2/2)"><conditions><condition number="0" type="jump" coverage="100%"/></conditions></line><line number="1144" hits="100" branch="false"/><line number="1145" hits="102" branch="true" condition-coverage="100% (2/2)"><conditions><condition number="0" type="jump" coverage="100%"/></conditions></line><line number="1146" hits="74" branch="false"/><line number="1150" hits="2" branch="false"/><line number="1152" hits="2" branch="false"/><line number="1153" hits="2" branch="false"/><line number="1154" hits="2" branch="false"/></lines></class></classes></package></packages></coverage>